<?xml version="1.0" encoding="UTF-8"?>
<!-- Generated by org.testng.reporters.JUnitXMLReporter -->
<testsuite ignored="0" hostname="AMALITECH-PC-10186" failures="1" tests="2" name="Test" time="12.748" errors="0" timestamp="2023-06-09T13:44:01 GMT">
  <testcase classname="testCases.LoginTest" name="categorySection" time="2.332">
    <failure type="org.testng.internal.reflect.MethodMatcherException" message="
[public void testCases.LoginTest.categorySection(java.lang.String,java.lang.String,java.lang.String)] has no parameters defined but was found to be using a data provider (either explicitly specified or inherited from class level annotation).
Data provider mismatch
Method: categorySection([Parameter{index=0, type=java.lang.String, declaredAnnotations=[]}, Parameter{index=1, type=java.lang.String, declaredAnnotations=[]}, Parameter{index=2, type=java.lang.String, declaredAnnotations=[]}])
Arguments: [(java.lang.String) RDR]">
      <![CDATA[org.testng.internal.reflect.MethodMatcherException: 
[public void testCases.LoginTest.categorySection(java.lang.String,java.lang.String,java.lang.String)] has no parameters defined but was found to be using a data provider (either explicitly specified or inherited from class level annotation).
Data provider mismatch
Method: categorySection([Parameter{index=0, type=java.lang.String, declaredAnnotations=[]}, Parameter{index=1, type=java.lang.String, declaredAnnotations=[]}, Parameter{index=2, type=java.lang.String, declaredAnnotations=[]}])
Arguments: [(java.lang.String) RDR]
at java.base/java.util.ArrayList.forEach(ArrayList.java:1511)
... Removed 22 stack frames]]>
    </failure>
  </testcase> <!-- categorySection -->
  <testcase classname="testCases.LoginTest" name="loginTest" time="0.968"/>
</testsuite> <!-- Test -->
